=> endbr64 
rax            0x555555555149      93824992235849
rbx            0x5555555551c0      93824992235968
rcx            0x5555555551c0      93824992235968
rdx            0x7fffffffde88      140737488346760
rsi            0x7fffffffde78      140737488346744
rdi            0x1                 1
rbp            0x0                 0x0
rsp            0x7fffffffdd88      0x7fffffffdd88
r8             0x0                 0
r9             0x7ffff7fe0d50      140737354009936
r10            0x7ffff7ffcf68      140737354125160
r11            0x202               514
r12            0x555555555060      93824992235616
r13            0x7fffffffde70      140737488346736
r14            0x0                 0
r15            0x0                 0
rip            0x55555555514d      0x55555555514d 
eflags         0x246               [ PF ZF IF ]
cs             0x33                51
ss             0x2b                43
ds             0x0                 0
es             0x0                 0
fs             0x0                 0
gs             0x0                 0
=> push   rbp
rax            0x555555555149      93824992235849
rbx            0x5555555551c0      93824992235968
rcx            0x5555555551c0      93824992235968
rdx            0x7fffffffde88      140737488346760
rsi            0x7fffffffde78      140737488346744
rdi            0x1                 1
rbp            0x0                 0x0
rsp            0x7fffffffdd80      0x7fffffffdd80
r8             0x0                 0
r9             0x7ffff7fe0d50      140737354009936
r10            0x7ffff7ffcf68      140737354125160
r11            0x202               514
r12            0x555555555060      93824992235616
r13            0x7fffffffde70      140737488346736
r14            0x0                 0
r15            0x0                 0
rip            0x55555555514e      0x55555555514e 
eflags         0x246               [ PF ZF IF ]
cs             0x33                51
ss             0x2b                43
ds             0x0                 0
es             0x0                 0
fs             0x0                 0
gs             0x0                 0
=> mov    rbp,rsp
rax            0x555555555149      93824992235849
rbx            0x5555555551c0      93824992235968
rcx            0x5555555551c0      93824992235968
rdx            0x7fffffffde88      140737488346760
rsi            0x7fffffffde78      140737488346744
rdi            0x1                 1
rbp            0x7fffffffdd80      0x7fffffffdd80
rsp            0x7fffffffdd80      0x7fffffffdd80
r8             0x0                 0
r9             0x7ffff7fe0d50      140737354009936
r10            0x7ffff7ffcf68      140737354125160
r11            0x202               514
r12            0x555555555060      93824992235616
r13            0x7fffffffde70      140737488346736
r14            0x0                 0
r15            0x0                 0
rip            0x555555555151      0x555555555151 
eflags         0x246               [ PF ZF IF ]
cs             0x33                51
ss             0x2b                43
ds             0x0                 0
es             0x0                 0
fs             0x0                 0
gs             0x0                 0
=> sub    rsp,0x30
rax            0x555555555149      93824992235849
rbx            0x5555555551c0      93824992235968
rcx            0x5555555551c0      93824992235968
rdx            0x7fffffffde88      140737488346760
rsi            0x7fffffffde78      140737488346744
rdi            0x1                 1
rbp            0x7fffffffdd80      0x7fffffffdd80
rsp            0x7fffffffdd50      0x7fffffffdd50
r8             0x0                 0
r9             0x7ffff7fe0d50      140737354009936
r10            0x7ffff7ffcf68      140737354125160
r11            0x202               514
r12            0x555555555060      93824992235616
r13            0x7fffffffde70      140737488346736
r14            0x0                 0
r15            0x0                 0
rip            0x555555555155      0x555555555155 
eflags         0x206               [ PF IF ]
cs             0x33                51
ss             0x2b                43
ds             0x0                 0
es             0x0                 0
fs             0x0                 0
gs             0x0                 0
=> mov    rax,QWORD PTR fs:0x28
rax            0xefa62727466ec900  -1178211202871932672
rbx            0x5555555551c0      93824992235968
rcx            0x5555555551c0      93824992235968
rdx            0x7fffffffde88      140737488346760
rsi            0x7fffffffde78      140737488346744
rdi            0x1                 1
rbp            0x7fffffffdd80      0x7fffffffdd80
rsp            0x7fffffffdd50      0x7fffffffdd50
r8             0x0                 0
r9             0x7ffff7fe0d50      140737354009936
r10            0x7ffff7ffcf68      140737354125160
r11            0x202               514
r12            0x555555555060      93824992235616
r13            0x7fffffffde70      140737488346736
r14            0x0                 0
r15            0x0                 0
rip            0x55555555515e      0x55555555515e 
eflags         0x206               [ PF IF ]
cs             0x33                51
ss             0x2b                43
ds             0x0                 0
es             0x0                 0
fs             0x0                 0
gs             0x0                 0
=> mov    QWORD PTR [rbp-0x8],rax
rax            0xefa62727466ec900  -1178211202871932672
rbx            0x5555555551c0      93824992235968
rcx            0x5555555551c0      93824992235968
rdx            0x7fffffffde88      140737488346760
rsi            0x7fffffffde78      140737488346744
rdi            0x1                 1
rbp            0x7fffffffdd80      0x7fffffffdd80
rsp            0x7fffffffdd50      0x7fffffffdd50
r8             0x0                 0
r9             0x7ffff7fe0d50      140737354009936
r10            0x7ffff7ffcf68      140737354125160
r11            0x202               514
r12            0x555555555060      93824992235616
r13            0x7fffffffde70      140737488346736
r14            0x0                 0
r15            0x0                 0
rip            0x555555555162      0x555555555162 
eflags         0x206               [ PF IF ]
cs             0x33                51
ss             0x2b                43
ds             0x0                 0
es             0x0                 0
fs             0x0                 0
gs             0x0                 0
=> xor    eax,eax
rax            0x0                 0
rbx            0x5555555551c0      93824992235968
rcx            0x5555555551c0      93824992235968
rdx            0x7fffffffde88      140737488346760
rsi            0x7fffffffde78      140737488346744
rdi            0x1                 1
rbp            0x7fffffffdd80      0x7fffffffdd80
rsp            0x7fffffffdd50      0x7fffffffdd50
r8             0x0                 0
r9             0x7ffff7fe0d50      140737354009936
r10            0x7ffff7ffcf68      140737354125160
r11            0x202               514
r12            0x555555555060      93824992235616
r13            0x7fffffffde70      140737488346736
r14            0x0                 0
r15            0x0                 0
rip            0x555555555164      0x555555555164 
eflags         0x246               [ PF ZF IF ]
cs             0x33                51
ss             0x2b                43
ds             0x0                 0
es             0x0                 0
fs             0x0                 0
gs             0x0                 0
=> mov    DWORD PTR [rbp-0x30],0x0
rax            0x0                 0
rbx            0x5555555551c0      93824992235968
rcx            0x5555555551c0      93824992235968
rdx            0x7fffffffde88      140737488346760
rsi            0x7fffffffde78      140737488346744
rdi            0x1                 1
rbp            0x7fffffffdd80      0x7fffffffdd80
rsp            0x7fffffffdd50      0x7fffffffdd50
r8             0x0                 0
r9             0x7ffff7fe0d50      140737354009936
r10            0x7ffff7ffcf68      140737354125160
r11            0x202               514
r12            0x555555555060      93824992235616
r13            0x7fffffffde70      140737488346736
r14            0x0                 0
r15            0x0                 0
rip            0x55555555516b      0x55555555516b 
eflags         0x246               [ PF ZF IF ]
cs             0x33                51
ss             0x2b                43
ds             0x0                 0
es             0x0                 0
fs             0x0                 0
gs             0x0                 0
=> mov    eax,DWORD PTR [rbp-0x30]
rax            0x0                 0
rbx            0x5555555551c0      93824992235968
rcx            0x5555555551c0      93824992235968
rdx            0x7fffffffde88      140737488346760
rsi            0x7fffffffde78      140737488346744
rdi            0x1                 1
rbp            0x7fffffffdd80      0x7fffffffdd80
rsp            0x7fffffffdd50      0x7fffffffdd50
r8             0x0                 0
r9             0x7ffff7fe0d50      140737354009936
r10            0x7ffff7ffcf68      140737354125160
r11            0x202               514
r12            0x555555555060      93824992235616
r13            0x7fffffffde70      140737488346736
r14            0x0                 0
r15            0x0                 0
rip            0x55555555516e      0x55555555516e 
eflags         0x246               [ PF ZF IF ]
cs             0x33                51
ss             0x2b                43
ds             0x0                 0
es             0x0                 0
fs             0x0                 0
gs             0x0                 0
=> mov    DWORD PTR [rbp-0x2c],eax
rax            0x0                 0
rbx            0x5555555551c0      93824992235968
rcx            0x5555555551c0      93824992235968
rdx            0x7fffffffde88      140737488346760
rsi            0x7fffffffde78      140737488346744
rdi            0x1                 1
rbp            0x7fffffffdd80      0x7fffffffdd80
rsp            0x7fffffffdd50      0x7fffffffdd50
r8             0x0                 0
r9             0x7ffff7fe0d50      140737354009936
r10            0x7ffff7ffcf68      140737354125160
r11            0x202               514
r12            0x555555555060      93824992235616
r13            0x7fffffffde70      140737488346736
r14            0x0                 0
r15            0x0                 0
rip            0x555555555171      0x555555555171 
eflags         0x246               [ PF ZF IF ]
cs             0x33                51
ss             0x2b                43
ds             0x0                 0
es             0x0                 0
fs             0x0                 0
gs             0x0                 0
=> mov    eax,DWORD PTR [rbp-0x2c]
rax            0x0                 0
rbx            0x5555555551c0      93824992235968
rcx            0x5555555551c0      93824992235968
rdx            0x7fffffffde88      140737488346760
rsi            0x7fffffffde78      140737488346744
rdi            0x1                 1
rbp            0x7fffffffdd80      0x7fffffffdd80
rsp            0x7fffffffdd50      0x7fffffffdd50
r8             0x0                 0
r9             0x7ffff7fe0d50      140737354009936
r10            0x7ffff7ffcf68      140737354125160
r11            0x202               514
r12            0x555555555060      93824992235616
r13            0x7fffffffde70      140737488346736
r14            0x0                 0
r15            0x0                 0
rip            0x555555555174      0x555555555174 
eflags         0x246               [ PF ZF IF ]
cs             0x33                51
ss             0x2b                43
ds             0x0                 0
es             0x0                 0
fs             0x0                 0
gs             0x0                 0
=> mov    DWORD PTR [rbp-0x28],eax
rax            0x0                 0
rbx            0x5555555551c0      93824992235968
rcx            0x5555555551c0      93824992235968
rdx            0x7fffffffde88      140737488346760
rsi            0x7fffffffde78      140737488346744
rdi            0x1                 1
rbp            0x7fffffffdd80      0x7fffffffdd80
rsp            0x7fffffffdd50      0x7fffffffdd50
r8             0x0                 0
r9             0x7ffff7fe0d50      140737354009936
r10            0x7ffff7ffcf68      140737354125160
r11            0x202               514
r12            0x555555555060      93824992235616
r13            0x7fffffffde70      140737488346736
r14            0x0                 0
r15            0x0                 0
rip            0x555555555177      0x555555555177 
eflags         0x246               [ PF ZF IF ]
cs             0x33                51
ss             0x2b                43
ds             0x0                 0
es             0x0                 0
fs             0x0                 0
gs             0x0                 0
=> mov    BYTE PTR [rbp-0xf],0xa
rax            0x0                 0
rbx            0x5555555551c0      93824992235968
rcx            0x5555555551c0      93824992235968
rdx            0x7fffffffde88      140737488346760
rsi            0x7fffffffde78      140737488346744
rdi            0x1                 1
rbp            0x7fffffffdd80      0x7fffffffdd80
rsp            0x7fffffffdd50      0x7fffffffdd50
r8             0x0                 0
r9             0x7ffff7fe0d50      140737354009936
r10            0x7ffff7ffcf68      140737354125160
r11            0x202               514
r12            0x555555555060      93824992235616
r13            0x7fffffffde70      140737488346736
r14            0x0                 0
r15            0x0                 0
rip            0x55555555517b      0x55555555517b 
eflags         0x246               [ PF ZF IF ]
cs             0x33                51
ss             0x2b                43
ds             0x0                 0
es             0x0                 0
fs             0x0                 0
gs             0x0                 0
=> lea    rax,[rbp-0x16]
rax            0x7fffffffdd6a      140737488346474
rbx            0x5555555551c0      93824992235968
rcx            0x5555555551c0      93824992235968
rdx            0x7fffffffde88      140737488346760
rsi            0x7fffffffde78      140737488346744
rdi            0x1                 1
rbp            0x7fffffffdd80      0x7fffffffdd80
rsp            0x7fffffffdd50      0x7fffffffdd50
r8             0x0                 0
r9             0x7ffff7fe0d50      140737354009936
r10            0x7ffff7ffcf68      140737354125160
r11            0x202               514
r12            0x555555555060      93824992235616
r13            0x7fffffffde70      140737488346736
r14            0x0                 0
r15            0x0                 0
rip            0x55555555517f      0x55555555517f 
eflags         0x246               [ PF ZF IF ]
cs             0x33                51
ss             0x2b                43
ds             0x0                 0
es             0x0                 0
fs             0x0                 0
gs             0x0                 0
=> add    rax,0x6
rax            0x7fffffffdd70      140737488346480
rbx            0x5555555551c0      93824992235968
rcx            0x5555555551c0      93824992235968
rdx            0x7fffffffde88      140737488346760
rsi            0x7fffffffde78      140737488346744
rdi            0x1                 1
rbp            0x7fffffffdd80      0x7fffffffdd80
rsp            0x7fffffffdd50      0x7fffffffdd50
r8             0x0                 0
r9             0x7ffff7fe0d50      140737354009936
r10            0x7ffff7ffcf68      140737354125160
r11            0x202               514
r12            0x555555555060      93824992235616
r13            0x7fffffffde70      140737488346736
r14            0x0                 0
r15            0x0                 0
rip            0x555555555183      0x555555555183 
eflags         0x212               [ AF IF ]
cs             0x33                51
ss             0x2b                43
ds             0x0                 0
es             0x0                 0
fs             0x0                 0
gs             0x0                 0
=> mov    QWORD PTR [rbp-0x20],rax
rax            0x7fffffffdd70      140737488346480
rbx            0x5555555551c0      93824992235968
rcx            0x5555555551c0      93824992235968
rdx            0x7fffffffde88      140737488346760
rsi            0x7fffffffde78      140737488346744
rdi            0x1                 1
rbp            0x7fffffffdd80      0x7fffffffdd80
rsp            0x7fffffffdd50      0x7fffffffdd50
r8             0x0                 0
r9             0x7ffff7fe0d50      140737354009936
r10            0x7ffff7ffcf68      140737354125160
r11            0x202               514
r12            0x555555555060      93824992235616
r13            0x7fffffffde70      140737488346736
r14            0x0                 0
r15            0x0                 0
rip            0x555555555187      0x555555555187 
eflags         0x212               [ AF IF ]
cs             0x33                51
ss             0x2b                43
ds             0x0                 0
es             0x0                 0
fs             0x0                 0
gs             0x0                 0
=> mov    rax,QWORD PTR [rbp-0x20]
rax            0x7fffffffdd70      140737488346480
rbx            0x5555555551c0      93824992235968
rcx            0x5555555551c0      93824992235968
rdx            0x7fffffffde88      140737488346760
rsi            0x7fffffffde78      140737488346744
rdi            0x1                 1
rbp            0x7fffffffdd80      0x7fffffffdd80
rsp            0x7fffffffdd50      0x7fffffffdd50
r8             0x0                 0
r9             0x7ffff7fe0d50      140737354009936
r10            0x7ffff7ffcf68      140737354125160
r11            0x202               514
r12            0x555555555060      93824992235616
r13            0x7fffffffde70      140737488346736
r14            0x0                 0
r15            0x0                 0
rip            0x55555555518b      0x55555555518b 
eflags         0x212               [ AF IF ]
cs             0x33                51
ss             0x2b                43
ds             0x0                 0
es             0x0                 0
fs             0x0                 0
gs             0x0                 0
=> mov    edx,DWORD PTR [rbp-0x28]
rax            0x7fffffffdd70      140737488346480
rbx            0x5555555551c0      93824992235968
rcx            0x5555555551c0      93824992235968
rdx            0x0                 0
rsi            0x7fffffffde78      140737488346744
rdi            0x1                 1
rbp            0x7fffffffdd80      0x7fffffffdd80
rsp            0x7fffffffdd50      0x7fffffffdd50
r8             0x0                 0
r9             0x7ffff7fe0d50      140737354009936
r10            0x7ffff7ffcf68      140737354125160
r11            0x202               514
r12            0x555555555060      93824992235616
r13            0x7fffffffde70      140737488346736
r14            0x0                 0
r15            0x0                 0
rip            0x55555555518e      0x55555555518e 
eflags         0x212               [ AF IF ]
cs             0x33                51
ss             0x2b                43
ds             0x0                 0
es             0x0                 0
fs             0x0                 0
gs             0x0                 0
=> mov    DWORD PTR [rax],edx
rax            0x7fffffffdd70      140737488346480
rbx            0x5555555551c0      93824992235968
rcx            0x5555555551c0      93824992235968
rdx            0x0                 0
rsi            0x7fffffffde78      140737488346744
rdi            0x1                 1
rbp            0x7fffffffdd80      0x7fffffffdd80
rsp            0x7fffffffdd50      0x7fffffffdd50
r8             0x0                 0
r9             0x7ffff7fe0d50      140737354009936
r10            0x7ffff7ffcf68      140737354125160
r11            0x202               514
r12            0x555555555060      93824992235616
r13            0x7fffffffde70      140737488346736
r14            0x0                 0
r15            0x0                 0
rip            0x555555555190      0x555555555190 
eflags         0x212               [ AF IF ]
cs             0x33                51
ss             0x2b                43
ds             0x0                 0
es             0x0                 0
fs             0x0                 0
gs             0x0                 0
=> movzx  eax,BYTE PTR [rbp-0xf]
rax            0x0                 0
rbx            0x5555555551c0      93824992235968
rcx            0x5555555551c0      93824992235968
rdx            0x0                 0
rsi            0x7fffffffde78      140737488346744
rdi            0x1                 1
rbp            0x7fffffffdd80      0x7fffffffdd80
rsp            0x7fffffffdd50      0x7fffffffdd50
r8             0x0                 0
r9             0x7ffff7fe0d50      140737354009936
r10            0x7ffff7ffcf68      140737354125160
r11            0x202               514
r12            0x555555555060      93824992235616
r13            0x7fffffffde70      140737488346736
r14            0x0                 0
r15            0x0                 0
rip            0x555555555194      0x555555555194 
eflags         0x212               [ AF IF ]
cs             0x33                51
ss             0x2b                43
ds             0x0                 0
es             0x0                 0
fs             0x0                 0
gs             0x0                 0
=> movsx  esi,al
rax            0x0                 0
rbx            0x5555555551c0      93824992235968
rcx            0x5555555551c0      93824992235968
rdx            0x0                 0
rsi            0x0                 0
rdi            0x1                 1
rbp            0x7fffffffdd80      0x7fffffffdd80
rsp            0x7fffffffdd50      0x7fffffffdd50
r8             0x0                 0
r9             0x7ffff7fe0d50      140737354009936
r10            0x7ffff7ffcf68      140737354125160
r11            0x202               514
r12            0x555555555060      93824992235616
r13            0x7fffffffde70      140737488346736
r14            0x0                 0
r15            0x0                 0
rip            0x555555555197      0x555555555197 
eflags         0x212               [ AF IF ]
cs             0x33                51
ss             0x2b                43
ds             0x0                 0
es             0x0                 0
fs             0x0                 0
gs             0x0                 0
=> mov    eax,0xa
rax            0xa                 10
rbx            0x5555555551c0      93824992235968
rcx            0x5555555551c0      93824992235968
rdx            0x0                 0
rsi            0x0                 0
rdi            0x1                 1
rbp            0x7fffffffdd80      0x7fffffffdd80
rsp            0x7fffffffdd50      0x7fffffffdd50
r8             0x0                 0
r9             0x7ffff7fe0d50      140737354009936
r10            0x7ffff7ffcf68      140737354125160
r11            0x202               514
r12            0x555555555060      93824992235616
r13            0x7fffffffde70      140737488346736
r14            0x0                 0
r15            0x0                 0
rip            0x55555555519c      0x55555555519c 
eflags         0x212               [ AF IF ]
cs             0x33                51
ss             0x2b                43
ds             0x0                 0
es             0x0                 0
fs             0x0                 0
gs             0x0                 0
=> cdq    
rax            0xa                 10
rbx            0x5555555551c0      93824992235968
rcx            0x5555555551c0      93824992235968
rdx            0x0                 0
rsi            0x0                 0
rdi            0x1                 1
rbp            0x7fffffffdd80      0x7fffffffdd80
rsp            0x7fffffffdd50      0x7fffffffdd50
r8             0x0                 0
r9             0x7ffff7fe0d50      140737354009936
r10            0x7ffff7ffcf68      140737354125160
r11            0x202               514
r12            0x555555555060      93824992235616
r13            0x7fffffffde70      140737488346736
r14            0x0                 0
r15            0x0                 0
rip            0x55555555519d      0x55555555519d 
eflags         0x212               [ AF IF ]
cs             0x33                51
ss             0x2b                43
ds             0x0                 0
es             0x0                 0
fs             0x0                 0
gs             0x0                 0
=> idiv   esi
rax            0xa                 10
rbx            0x5555555551c0      93824992235968
rcx            0x5555555551c0      93824992235968
rdx            0x0                 0
rsi            0x0                 0
rdi            0x1                 1
rbp            0x7fffffffdd80      0x7fffffffdd80
rsp            0x7fffffffdd50      0x7fffffffdd50
r8             0x0                 0
r9             0x7ffff7fe0d50      140737354009936
r10            0x7ffff7ffcf68      140737354125160
r11            0x202               514
r12            0x555555555060      93824992235616
r13            0x7fffffffde70      140737488346736
r14            0x0                 0
r15            0x0                 0
rip            0x55555555519d      0x55555555519d 
eflags         0x10212             [ AF IF RF ]
cs             0x33                51
ss             0x2b                43
ds             0x0                 0
es             0x0                 0
fs             0x0                 0
gs             0x0                 0
=> idiv   esi
gdb-script.txt:11: Error in sourced command file:
